<?xml version="1.0" encoding="UTF-8"?>
<!-- Generated by org.testng.reporters.JUnitReportReporter -->
<testsuite hostname="DESKTOP-ES2PCII" failures="0" tests="1" name="sync.TestRunner" time="0.031" errors="0" timestamp="20 Feb 2019 20:49:59 GMT">
  <testcase classname="sync.TestRunner" name="login" time="0.031"/>
</testsuite> <!-- sync.TestRunner -->
