<?xml version="1.0" encoding="UTF-8"?>
<!-- Generated by org.testng.reporters.JUnitReportReporter -->
<testsuite hostname="DESKTOP-ES2PCII" failures="0" tests="1" name="runner.TestRunner" time="60.793" errors="0" timestamp="25 Feb 2019 15:13:17 GMT">
  <testcase classname="runner.TestRunner" name="login" time="60.793"/>
</testsuite> <!-- runner.TestRunner -->
