<?xml version="1.0" encoding="UTF-8"?>
<!-- Generated by org.testng.reporters.JUnitReportReporter -->
<testsuite hostname="DESKTOP-ES2PCII" failures="0" tests="1" name="sync.TestRunner" time="0.016" errors="0" timestamp="19 Feb 2019 21:13:26 GMT">
  <testcase classname="sync.TestRunner" name="login" time="0.016"/>
</testsuite> <!-- sync.TestRunner -->
